<?xml version="1.0" encoding="UTF-8"?>
<!-- Generated by org.testng.reporters.JUnitReportReporter -->
<testsuite skipped="0" hostname="DESKTOP-S5GH85J" name="testcases.Orders_GuestFlow" tests="1" failures="0" timestamp="15 Oct 2018 04:40:38 GMT" time="145.285" errors="0">
  <testcase name="orders" time="145.285" classname="testcases.Orders_GuestFlow"/>
</testsuite> <!-- testcases.Orders_GuestFlow -->
